Started GET "/" for 127.0.0.1 at 2018-06-27 19:23:40 -0500
Processing by Rails::WelcomeController#index as HTML
  Parameters: {"internal"=>true}
  Rendering C:/RailsInstaller/Ruby2.2.0/lib/ruby/gems/2.2.0/gems/railties-5.0.7/lib/rails/templates/rails/welcome/index.html.erb
  Rendered C:/RailsInstaller/Ruby2.2.0/lib/ruby/gems/2.2.0/gems/railties-5.0.7/lib/rails/templates/rails/welcome/index.html.erb (6.0ms)
Completed 200 OK in 140ms (Views: 93.5ms | ActiveRecord: 0.0ms)


Started GET "/admin" for 127.0.0.1 at 2018-06-27 19:24:37 -0500
  
ActionController::RoutingError (No route matches [GET] "/admin"):
  
actionpack (5.0.7) lib/action_dispatch/middleware/debug_exceptions.rb:53:in `call'
web-console (3.6.2) lib/web_console/middleware.rb:135:in `call_app'
web-console (3.6.2) lib/web_console/middleware.rb:30:in `block in call'
web-console (3.6.2) lib/web_console/middleware.rb:20:in `catch'
web-console (3.6.2) lib/web_console/middleware.rb:20:in `call'
actionpack (5.0.7) lib/action_dispatch/middleware/show_exceptions.rb:31:in `call'
railties (5.0.7) lib/rails/rack/logger.rb:36:in `call_app'
railties (5.0.7) lib/rails/rack/logger.rb:24:in `block in call'
activesupport (5.0.7) lib/active_support/tagged_logging.rb:69:in `block in tagged'
activesupport (5.0.7) lib/active_support/tagged_logging.rb:26:in `tagged'
activesupport (5.0.7) lib/active_support/tagged_logging.rb:69:in `tagged'
railties (5.0.7) lib/rails/rack/logger.rb:24:in `call'
sprockets-rails (3.2.1) lib/sprockets/rails/quiet_assets.rb:13:in `call'
actionpack (5.0.7) lib/action_dispatch/middleware/request_id.rb:24:in `call'
rack (2.0.5) lib/rack/method_override.rb:22:in `call'
rack (2.0.5) lib/rack/runtime.rb:22:in `call'
activesupport (5.0.7) lib/active_support/cache/strategy/local_cache_middleware.rb:28:in `call'
actionpack (5.0.7) lib/action_dispatch/middleware/executor.rb:12:in `call'
actionpack (5.0.7) lib/action_dispatch/middleware/static.rb:136:in `call'
rack (2.0.5) lib/rack/sendfile.rb:111:in `call'
railties (5.0.7) lib/rails/engine.rb:522:in `call'
puma (3.11.4) lib/puma/configuration.rb:225:in `call'
puma (3.11.4) lib/puma/server.rb:632:in `handle_request'
puma (3.11.4) lib/puma/server.rb:446:in `process_client'
puma (3.11.4) lib/puma/server.rb:306:in `block in run'
puma (3.11.4) lib/puma/thread_pool.rb:120:in `call'
puma (3.11.4) lib/puma/thread_pool.rb:120:in `block in spawn_thread'
  Rendering C:/RailsInstaller/Ruby2.2.0/lib/ruby/gems/2.2.0/gems/actionpack-5.0.7/lib/action_dispatch/middleware/templates/rescues/routing_error.html.erb within rescues/layout
  Rendering C:/RailsInstaller/Ruby2.2.0/lib/ruby/gems/2.2.0/gems/actionpack-5.0.7/lib/action_dispatch/middleware/templates/rescues/_trace.html.erb
  Rendered C:/RailsInstaller/Ruby2.2.0/lib/ruby/gems/2.2.0/gems/actionpack-5.0.7/lib/action_dispatch/middleware/templates/rescues/_trace.html.erb (2.0ms)
  Rendered C:/RailsInstaller/Ruby2.2.0/lib/ruby/gems/2.2.0/gems/actionpack-5.0.7/lib/action_dispatch/middleware/templates/routes/_table.html.erb (13.0ms)
  Rendering C:/RailsInstaller/Ruby2.2.0/lib/ruby/gems/2.2.0/gems/actionpack-5.0.7/lib/action_dispatch/middleware/templates/rescues/_request_and_response.html.erb
  Rendered C:/RailsInstaller/Ruby2.2.0/lib/ruby/gems/2.2.0/gems/actionpack-5.0.7/lib/action_dispatch/middleware/templates/rescues/_request_and_response.html.erb (1.0ms)
  Rendered C:/RailsInstaller/Ruby2.2.0/lib/ruby/gems/2.2.0/gems/actionpack-5.0.7/lib/action_dispatch/middleware/templates/rescues/routing_error.html.erb within rescues/layout (1181.0ms)
Started GET "/login" for 127.0.0.1 at 2018-06-27 19:24:55 -0500
  
ActionController::RoutingError (No route matches [GET] "/login"):
  
actionpack (5.0.7) lib/action_dispatch/middleware/debug_exceptions.rb:53:in `call'
web-console (3.6.2) lib/web_console/middleware.rb:135:in `call_app'
web-console (3.6.2) lib/web_console/middleware.rb:30:in `block in call'
web-console (3.6.2) lib/web_console/middleware.rb:20:in `catch'
web-console (3.6.2) lib/web_console/middleware.rb:20:in `call'
actionpack (5.0.7) lib/action_dispatch/middleware/show_exceptions.rb:31:in `call'
railties (5.0.7) lib/rails/rack/logger.rb:36:in `call_app'
railties (5.0.7) lib/rails/rack/logger.rb:24:in `block in call'
activesupport (5.0.7) lib/active_support/tagged_logging.rb:69:in `block in tagged'
activesupport (5.0.7) lib/active_support/tagged_logging.rb:26:in `tagged'
activesupport (5.0.7) lib/active_support/tagged_logging.rb:69:in `tagged'
railties (5.0.7) lib/rails/rack/logger.rb:24:in `call'
sprockets-rails (3.2.1) lib/sprockets/rails/quiet_assets.rb:13:in `call'
actionpack (5.0.7) lib/action_dispatch/middleware/request_id.rb:24:in `call'
rack (2.0.5) lib/rack/method_override.rb:22:in `call'
rack (2.0.5) lib/rack/runtime.rb:22:in `call'
activesupport (5.0.7) lib/active_support/cache/strategy/local_cache_middleware.rb:28:in `call'
actionpack (5.0.7) lib/action_dispatch/middleware/executor.rb:12:in `call'
actionpack (5.0.7) lib/action_dispatch/middleware/static.rb:136:in `call'
rack (2.0.5) lib/rack/sendfile.rb:111:in `call'
railties (5.0.7) lib/rails/engine.rb:522:in `call'
puma (3.11.4) lib/puma/configuration.rb:225:in `call'
puma (3.11.4) lib/puma/server.rb:632:in `handle_request'
puma (3.11.4) lib/puma/server.rb:446:in `process_client'
puma (3.11.4) lib/puma/server.rb:306:in `block in run'
puma (3.11.4) lib/puma/thread_pool.rb:120:in `call'
puma (3.11.4) lib/puma/thread_pool.rb:120:in `block in spawn_thread'
  Rendering C:/RailsInstaller/Ruby2.2.0/lib/ruby/gems/2.2.0/gems/actionpack-5.0.7/lib/action_dispatch/middleware/templates/rescues/routing_error.html.erb within rescues/layout
  Rendering C:/RailsInstaller/Ruby2.2.0/lib/ruby/gems/2.2.0/gems/actionpack-5.0.7/lib/action_dispatch/middleware/templates/rescues/_trace.html.erb
  Rendered C:/RailsInstaller/Ruby2.2.0/lib/ruby/gems/2.2.0/gems/actionpack-5.0.7/lib/action_dispatch/middleware/templates/rescues/_trace.html.erb (2.0ms)
  Rendered C:/RailsInstaller/Ruby2.2.0/lib/ruby/gems/2.2.0/gems/actionpack-5.0.7/lib/action_dispatch/middleware/templates/routes/_table.html.erb (1.0ms)
  Rendering C:/RailsInstaller/Ruby2.2.0/lib/ruby/gems/2.2.0/gems/actionpack-5.0.7/lib/action_dispatch/middleware/templates/rescues/_request_and_response.html.erb
  Rendered C:/RailsInstaller/Ruby2.2.0/lib/ruby/gems/2.2.0/gems/actionpack-5.0.7/lib/action_dispatch/middleware/templates/rescues/_request_and_response.html.erb (1.0ms)
  Rendered C:/RailsInstaller/Ruby2.2.0/lib/ruby/gems/2.2.0/gems/actionpack-5.0.7/lib/action_dispatch/middleware/templates/rescues/routing_error.html.erb within rescues/layout (1194.7ms)
Started GET "/" for 127.0.0.1 at 2018-06-27 19:25:03 -0500
Processing by Rails::WelcomeController#index as HTML
  Parameters: {"internal"=>true}
  Rendering C:/RailsInstaller/Ruby2.2.0/lib/ruby/gems/2.2.0/gems/railties-5.0.7/lib/rails/templates/rails/welcome/index.html.erb
  Rendered C:/RailsInstaller/Ruby2.2.0/lib/ruby/gems/2.2.0/gems/railties-5.0.7/lib/rails/templates/rails/welcome/index.html.erb (3.0ms)
Completed 200 OK in 71ms (Views: 35.3ms | ActiveRecord: 0.0ms)


Started GET "/" for 127.0.0.1 at 2018-06-27 19:33:30 -0500
Processing by Rails::WelcomeController#index as HTML
  Parameters: {"internal"=>true}
  Rendering C:/RailsInstaller/Ruby2.2.0/lib/ruby/gems/2.2.0/gems/railties-5.0.7/lib/rails/templates/rails/welcome/index.html.erb
  Rendered C:/RailsInstaller/Ruby2.2.0/lib/ruby/gems/2.2.0/gems/railties-5.0.7/lib/rails/templates/rails/welcome/index.html.erb (4.0ms)
Completed 200 OK in 75ms (Views: 39.6ms | ActiveRecord: 0.0ms)


Started GET "/" for 127.0.0.1 at 2018-06-27 19:41:05 -0500
Processing by Rails::WelcomeController#index as HTML
  Parameters: {"internal"=>true}
  Rendering C:/RailsInstaller/Ruby2.2.0/lib/ruby/gems/2.2.0/gems/railties-5.0.7/lib/rails/templates/rails/welcome/index.html.erb
  Rendered C:/RailsInstaller/Ruby2.2.0/lib/ruby/gems/2.2.0/gems/railties-5.0.7/lib/rails/templates/rails/welcome/index.html.erb (6.0ms)
Completed 200 OK in 89ms (Views: 44.3ms | ActiveRecord: 0.0ms)


Started GET "/welcome/index" for 127.0.0.1 at 2018-06-27 19:41:11 -0500
Processing by WelcomeController#index as HTML
  Rendering welcome/index.html.erb within layouts/application
  Rendered welcome/index.html.erb within layouts/application (1.0ms)
Completed 200 OK in 1765ms (Views: 1733.0ms | ActiveRecord: 0.0ms)


Started GET "/welcome/index" for 127.0.0.1 at 2018-06-27 19:52:39 -0500
Processing by WelcomeController#index as HTML
  Rendering welcome/index.html.erb within layouts/application
  Rendered welcome/index.html.erb within layouts/application (3.0ms)
Completed 200 OK in 442ms (Views: 399.8ms | ActiveRecord: 0.0ms)


Started GET "/welcome/index" for 127.0.0.1 at 2018-06-27 19:57:29 -0500
Processing by WelcomeController#index as HTML
  Rendering welcome/index.html.erb within layouts/application
  Rendered welcome/index.html.erb within layouts/application (1.0ms)
Completed 200 OK in 172ms (Views: 138.3ms | ActiveRecord: 0.0ms)


Started GET "/" for 127.0.0.1 at 2018-06-27 20:01:42 -0500
  
ArgumentError (Missing :controller key on routes definition, please check your routes.):
  
config/routes.rb:3:in `block in <top (required)>'
config/routes.rb:1:in `<top (required)>'
  Rendering C:/RailsInstaller/Ruby2.2.0/lib/ruby/gems/2.2.0/gems/actionpack-5.0.7/lib/action_dispatch/middleware/templates/rescues/diagnostics.html.erb within rescues/layout
  Rendering C:/RailsInstaller/Ruby2.2.0/lib/ruby/gems/2.2.0/gems/actionpack-5.0.7/lib/action_dispatch/middleware/templates/rescues/_source.html.erb
  Rendered C:/RailsInstaller/Ruby2.2.0/lib/ruby/gems/2.2.0/gems/actionpack-5.0.7/lib/action_dispatch/middleware/templates/rescues/_source.html.erb (5.0ms)
  Rendering C:/RailsInstaller/Ruby2.2.0/lib/ruby/gems/2.2.0/gems/actionpack-5.0.7/lib/action_dispatch/middleware/templates/rescues/_trace.html.erb
  Rendered C:/RailsInstaller/Ruby2.2.0/lib/ruby/gems/2.2.0/gems/actionpack-5.0.7/lib/action_dispatch/middleware/templates/rescues/_trace.html.erb (3.0ms)
  Rendering C:/RailsInstaller/Ruby2.2.0/lib/ruby/gems/2.2.0/gems/actionpack-5.0.7/lib/action_dispatch/middleware/templates/rescues/_request_and_response.html.erb
  Rendered C:/RailsInstaller/Ruby2.2.0/lib/ruby/gems/2.2.0/gems/actionpack-5.0.7/lib/action_dispatch/middleware/templates/rescues/_request_and_response.html.erb (1.0ms)
  Rendered C:/RailsInstaller/Ruby2.2.0/lib/ruby/gems/2.2.0/gems/actionpack-5.0.7/lib/action_dispatch/middleware/templates/rescues/diagnostics.html.erb within rescues/layout (1166.1ms)
Started GET "/" for 127.0.0.1 at 2018-06-27 20:04:15 -0500
Processing by Rails::WelcomeController#index as HTML
  Parameters: {"internal"=>true}
  Rendering C:/RailsInstaller/Ruby2.2.0/lib/ruby/gems/2.2.0/gems/railties-5.0.7/lib/rails/templates/rails/welcome/index.html.erb
  Rendered C:/RailsInstaller/Ruby2.2.0/lib/ruby/gems/2.2.0/gems/railties-5.0.7/lib/rails/templates/rails/welcome/index.html.erb (6.0ms)
Completed 200 OK in 89ms (Views: 43.3ms | ActiveRecord: 0.0ms)


Started GET "/welcome/index" for 127.0.0.1 at 2018-06-27 20:04:34 -0500
Processing by WelcomeController#index as HTML
  Rendering welcome/index.html.erb within layouts/application
  Rendered welcome/index.html.erb within layouts/application (0.0ms)
Completed 200 OK in 419ms (Views: 385.9ms | ActiveRecord: 0.0ms)


Started GET "/" for 127.0.0.1 at 2018-06-27 20:07:08 -0500
  
SyntaxError (C:/Users/Administrador/Documents/JEOVANY/GIT/it-talent-052-jr10/Actividades/Ruby on Rails/blog/config/routes.rb:3: syntax error, unexpected tSTRING_BEG, expecting keyword_end
root :to 'welcome#index'
          ^):
  
config/routes.rb:3: syntax error, unexpected tSTRING_BEG, expecting keyword_end
  Rendering C:/RailsInstaller/Ruby2.2.0/lib/ruby/gems/2.2.0/gems/actionpack-5.0.7/lib/action_dispatch/middleware/templates/rescues/diagnostics.html.erb within rescues/layout
  Rendering C:/RailsInstaller/Ruby2.2.0/lib/ruby/gems/2.2.0/gems/actionpack-5.0.7/lib/action_dispatch/middleware/templates/rescues/_source.html.erb
  Rendered C:/RailsInstaller/Ruby2.2.0/lib/ruby/gems/2.2.0/gems/actionpack-5.0.7/lib/action_dispatch/middleware/templates/rescues/_source.html.erb (4.0ms)
  Rendering C:/RailsInstaller/Ruby2.2.0/lib/ruby/gems/2.2.0/gems/actionpack-5.0.7/lib/action_dispatch/middleware/templates/rescues/_trace.html.erb
  Rendered C:/RailsInstaller/Ruby2.2.0/lib/ruby/gems/2.2.0/gems/actionpack-5.0.7/lib/action_dispatch/middleware/templates/rescues/_trace.html.erb (3.0ms)
  Rendering C:/RailsInstaller/Ruby2.2.0/lib/ruby/gems/2.2.0/gems/actionpack-5.0.7/lib/action_dispatch/middleware/templates/rescues/_request_and_response.html.erb
  Rendered C:/RailsInstaller/Ruby2.2.0/lib/ruby/gems/2.2.0/gems/actionpack-5.0.7/lib/action_dispatch/middleware/templates/rescues/_request_and_response.html.erb (0.0ms)
  Rendered C:/RailsInstaller/Ruby2.2.0/lib/ruby/gems/2.2.0/gems/actionpack-5.0.7/lib/action_dispatch/middleware/templates/rescues/diagnostics.html.erb within rescues/layout (1167.1ms)
Started GET "/" for 127.0.0.1 at 2018-06-27 20:08:15 -0500
Processing by WelcomeController#index as HTML
  Rendering welcome/index.html.erb within layouts/application
  Rendered welcome/index.html.erb within layouts/application (1.0ms)
Completed 200 OK in 178ms (Views: 145.8ms | ActiveRecord: 0.0ms)


Started GET "/" for 127.0.0.1 at 2018-06-27 20:09:27 -0500
Processing by WelcomeController#index as HTML
  Rendering welcome/index.html.erb within layouts/application
  Rendered welcome/index.html.erb within layouts/application (1.0ms)
Completed 200 OK in 174ms (Views: 140.5ms | ActiveRecord: 0.0ms)


Started GET "/" for 127.0.0.1 at 2018-06-27 20:10:11 -0500
Processing by WelcomeController#index as HTML
  Rendering welcome/index.html.erb within layouts/application
  Rendered welcome/index.html.erb within layouts/application (1.0ms)
Completed 200 OK in 171ms (Views: 139.3ms | ActiveRecord: 0.0ms)


Started GET "/" for 127.0.0.1 at 2018-06-27 20:10:24 -0500
Processing by WelcomeController#index as HTML
  Rendering welcome/index.html.erb within layouts/application
  Rendered welcome/index.html.erb within layouts/application (1.0ms)
Completed 200 OK in 173ms (Views: 141.8ms | ActiveRecord: 0.0ms)


Started GET "/welcome/mivista" for 127.0.0.1 at 2018-06-27 20:18:04 -0500
Processing by WelcomeController#mivista as HTML
  Rendering welcome/mivista.html.erb within layouts/application
  Rendered welcome/mivista.html.erb within layouts/application (1.0ms)
Completed 200 OK in 163ms (Views: 132.6ms | ActiveRecord: 0.0ms)


Started GET "/welcome/mivista" for 127.0.0.1 at 2018-06-27 20:20:07 -0500
Processing by WelcomeController#mivista as HTML
  Rendering welcome/mivista.html.erb within layouts/application
  Rendered welcome/mivista.html.erb within layouts/application (3.0ms)
Completed 200 OK in 393ms (Views: 347.7ms | ActiveRecord: 0.0ms)


Started GET "/welcome/mivistajson" for 127.0.0.1 at 2018-06-27 20:26:47 -0500
Processing by WelcomeController#mivistajson as HTML
Started GET "/welcome/mivistajson" for 127.0.0.1 at 2018-06-27 20:26:57 -0500
Completed 200 OK in 2ms (Views: 0.4ms | ActiveRecord: 0.0ms)


Processing by WelcomeController#mivistajson as */*
Completed 200 OK in 1ms (Views: 0.5ms | ActiveRecord: 0.0ms)


Started GET "/welcome/mivistajson" for 127.0.0.1 at 2018-06-27 20:28:54 -0500
Processing by WelcomeController#mivistajson as */*
Completed 200 OK in 0ms (Views: 0.2ms | ActiveRecord: 0.0ms)


Started POST "/welcome/mivistajson" for 127.0.0.1 at 2018-06-27 20:37:45 -0500
  
ActionController::RoutingError (No route matches [POST] "/welcome/mivistajson"):
  
actionpack (5.0.7) lib/action_dispatch/middleware/debug_exceptions.rb:53:in `call'
web-console (3.6.2) lib/web_console/middleware.rb:135:in `call_app'
web-console (3.6.2) lib/web_console/middleware.rb:30:in `block in call'
web-console (3.6.2) lib/web_console/middleware.rb:20:in `catch'
web-console (3.6.2) lib/web_console/middleware.rb:20:in `call'
actionpack (5.0.7) lib/action_dispatch/middleware/show_exceptions.rb:31:in `call'
railties (5.0.7) lib/rails/rack/logger.rb:36:in `call_app'
railties (5.0.7) lib/rails/rack/logger.rb:24:in `block in call'
activesupport (5.0.7) lib/active_support/tagged_logging.rb:69:in `block in tagged'
activesupport (5.0.7) lib/active_support/tagged_logging.rb:26:in `tagged'
activesupport (5.0.7) lib/active_support/tagged_logging.rb:69:in `tagged'
railties (5.0.7) lib/rails/rack/logger.rb:24:in `call'
sprockets-rails (3.2.1) lib/sprockets/rails/quiet_assets.rb:13:in `call'
actionpack (5.0.7) lib/action_dispatch/middleware/request_id.rb:24:in `call'
rack (2.0.5) lib/rack/method_override.rb:22:in `call'
rack (2.0.5) lib/rack/runtime.rb:22:in `call'
activesupport (5.0.7) lib/active_support/cache/strategy/local_cache_middleware.rb:28:in `call'
actionpack (5.0.7) lib/action_dispatch/middleware/executor.rb:12:in `call'
actionpack (5.0.7) lib/action_dispatch/middleware/static.rb:136:in `call'
rack (2.0.5) lib/rack/sendfile.rb:111:in `call'
railties (5.0.7) lib/rails/engine.rb:522:in `call'
puma (3.11.4) lib/puma/configuration.rb:225:in `call'
puma (3.11.4) lib/puma/server.rb:632:in `handle_request'
puma (3.11.4) lib/puma/server.rb:446:in `process_client'
puma (3.11.4) lib/puma/server.rb:306:in `block in run'
puma (3.11.4) lib/puma/thread_pool.rb:120:in `call'
puma (3.11.4) lib/puma/thread_pool.rb:120:in `block in spawn_thread'
  Rendering C:/RailsInstaller/Ruby2.2.0/lib/ruby/gems/2.2.0/gems/actionpack-5.0.7/lib/action_dispatch/middleware/templates/rescues/routing_error.html.erb within rescues/layout
  Rendering C:/RailsInstaller/Ruby2.2.0/lib/ruby/gems/2.2.0/gems/actionpack-5.0.7/lib/action_dispatch/middleware/templates/rescues/_trace.html.erb
  Rendered C:/RailsInstaller/Ruby2.2.0/lib/ruby/gems/2.2.0/gems/actionpack-5.0.7/lib/action_dispatch/middleware/templates/rescues/_trace.html.erb (0.0ms)
  Rendered collection of C:/RailsInstaller/Ruby2.2.0/lib/ruby/gems/2.2.0/gems/actionpack-5.0.7/lib/action_dispatch/middleware/templates/routes/_route.html.erb [4 times] (0.0ms)
  Rendered C:/RailsInstaller/Ruby2.2.0/lib/ruby/gems/2.2.0/gems/actionpack-5.0.7/lib/action_dispatch/middleware/templates/routes/_table.html.erb (15.6ms)
  Rendering C:/RailsInstaller/Ruby2.2.0/lib/ruby/gems/2.2.0/gems/actionpack-5.0.7/lib/action_dispatch/middleware/templates/rescues/_request_and_response.html.erb
  Rendered C:/RailsInstaller/Ruby2.2.0/lib/ruby/gems/2.2.0/gems/actionpack-5.0.7/lib/action_dispatch/middleware/templates/rescues/_request_and_response.html.erb (0.0ms)
  Rendered C:/RailsInstaller/Ruby2.2.0/lib/ruby/gems/2.2.0/gems/actionpack-5.0.7/lib/action_dispatch/middleware/templates/rescues/routing_error.html.erb within rescues/layout (1464.4ms)
Started GET "/welcome/mivistajson" for 127.0.0.1 at 2018-06-27 20:38:01 -0500
Processing by WelcomeController#mivistajson as */*
Completed 200 OK in 1ms (Views: 0.2ms | ActiveRecord: 0.0ms)


  [1m[35m (81.4ms)[0m  [1m[35mCREATE TABLE "schema_migrations" ("version" varchar NOT NULL PRIMARY KEY)[0m
  [1m[35m (109.4ms)[0m  [1m[35mCREATE TABLE "ar_internal_metadata" ("key" varchar NOT NULL PRIMARY KEY, "value" varchar, "created_at" datetime NOT NULL, "updated_at" datetime NOT NULL)[0m
  [1m[36mActiveRecord::SchemaMigration Load (0.0ms)[0m  [1m[34mSELECT "schema_migrations".* FROM "schema_migrations"[0m
Migrating to CreateElementos (20180628014430)
  [1m[35m (0.0ms)[0m  [1m[36mbegin transaction[0m
  [1m[35m (0.0ms)[0m  [1m[35mCREATE TABLE "elementos" ("id" INTEGER PRIMARY KEY AUTOINCREMENT NOT NULL, "game" varchar, "score" integer, "created_at" datetime NOT NULL, "updated_at" datetime NOT NULL)[0m
  [1m[35mSQL (0.0ms)[0m  [1m[32mINSERT INTO "schema_migrations" ("version") VALUES (?)[0m  [["version", "20180628014430"]]
  [1m[35m (78.1ms)[0m  [1m[36mcommit transaction[0m
  [1m[36mActiveRecord::InternalMetadata Load (0.0ms)[0m  [1m[34mSELECT  "ar_internal_metadata".* FROM "ar_internal_metadata" WHERE "ar_internal_metadata"."key" = ? LIMIT ?[0m  [["key", "environment"], ["LIMIT", 1]]
  [1m[35m (0.0ms)[0m  [1m[36mbegin transaction[0m
  [1m[35mSQL (0.0ms)[0m  [1m[32mINSERT INTO "ar_internal_metadata" ("key", "value", "created_at", "updated_at") VALUES (?, ?, ?, ?)[0m  [["key", "environment"], ["value", "development"], ["created_at", "2018-06-28 01:45:04.105560"], ["updated_at", "2018-06-28 01:45:04.105560"]]
  [1m[35m (92.8ms)[0m  [1m[36mcommit transaction[0m
  [1m[36mActiveRecord::SchemaMigration Load (0.0ms)[0m  [1m[34mSELECT "schema_migrations".* FROM "schema_migrations"[0m
Started GET "/elementos/new" for 127.0.0.1 at 2018-06-27 20:45:51 -0500
  [1m[36mActiveRecord::SchemaMigration Load (0.0ms)[0m  [1m[34mSELECT "schema_migrations".* FROM "schema_migrations"[0m
Processing by ElementosController#new as HTML
  Rendering elementos/new.html.erb within layouts/application
  Rendered elementos/_form.html.erb (35.0ms)
  Rendered elementos/new.html.erb within layouts/application (69.0ms)
Completed 200 OK in 971ms (Views: 918.1ms | ActiveRecord: 1.0ms)


Started POST "/elementos" for 127.0.0.1 at 2018-06-27 20:46:25 -0500
Processing by ElementosController#create as HTML
  Parameters: {"utf8"=>"✓", "authenticity_token"=>"8xLlIFYhgnAIje0IlyW+oM7MTOcKmwtRMje5hBXoMyh1cBG0/Yr+UYb5Jw5HRDgbFaLxauKrJthV+LOKncd7UA==", "elemento"=>{"game"=>"PES", "score"=>"1"}, "commit"=>"Create Elemento"}
  [1m[35m (0.0ms)[0m  [1m[36mbegin transaction[0m
  [1m[35mSQL (2.0ms)[0m  [1m[32mINSERT INTO "elementos" ("game", "score", "created_at", "updated_at") VALUES (?, ?, ?, ?)[0m  [["game", "PES"], ["score", 1], ["created_at", "2018-06-28 01:46:25.484211"], ["updated_at", "2018-06-28 01:46:25.484211"]]
  [1m[35m (87.0ms)[0m  [1m[36mcommit transaction[0m
Redirected to http://localhost:3000/elementos/1
Completed 302 Found in 101ms (ActiveRecord: 89.0ms)


Started GET "/elementos/1" for 127.0.0.1 at 2018-06-27 20:46:25 -0500
Processing by ElementosController#show as HTML
  Parameters: {"id"=>"1"}
  [1m[36mElemento Load (0.0ms)[0m  [1m[34mSELECT  "elementos".* FROM "elementos" WHERE "elementos"."id" = ? LIMIT ?[0m  [["id", 1], ["LIMIT", 1]]
  Rendering elementos/show.html.erb within layouts/application
  Rendered elementos/show.html.erb within layouts/application (2.0ms)
Completed 200 OK in 185ms (Views: 144.4ms | ActiveRecord: 0.0ms)


Started GET "/elementos/1/edit" for 127.0.0.1 at 2018-06-27 20:46:31 -0500
Processing by ElementosController#edit as HTML
  Parameters: {"id"=>"1"}
  [1m[36mElemento Load (0.0ms)[0m  [1m[34mSELECT  "elementos".* FROM "elementos" WHERE "elementos"."id" = ? LIMIT ?[0m  [["id", 1], ["LIMIT", 1]]
  Rendering elementos/edit.html.erb within layouts/application
  Rendered elementos/_form.html.erb (3.0ms)
  Rendered elementos/edit.html.erb within layouts/application (35.0ms)
Completed 200 OK in 213ms (Views: 178.1ms | ActiveRecord: 0.0ms)


Started GET "/elementos/1" for 127.0.0.1 at 2018-06-27 20:48:00 -0500
Processing by ElementosController#show as HTML
  Parameters: {"id"=>"1"}
  [1m[36mElemento Load (1.0ms)[0m  [1m[34mSELECT  "elementos".* FROM "elementos" WHERE "elementos"."id" = ? LIMIT ?[0m  [["id", 1], ["LIMIT", 1]]
  Rendering elementos/show.html.erb within layouts/application
  Rendered elementos/show.html.erb within layouts/application (1.0ms)
Completed 200 OK in 184ms (Views: 148.1ms | ActiveRecord: 1.0ms)


Started GET "/elementos" for 127.0.0.1 at 2018-06-27 20:48:03 -0500
Processing by ElementosController#index as HTML
  Rendering elementos/index.html.erb within layouts/application
  [1m[36mElemento Load (1.0ms)[0m  [1m[34mSELECT "elementos".* FROM "elementos"[0m
  Rendered elementos/index.html.erb within layouts/application (4.0ms)
Completed 200 OK in 178ms (Views: 146.7ms | ActiveRecord: 1.0ms)


Started GET "/elementos/new" for 127.0.0.1 at 2018-06-27 20:48:08 -0500
Processing by ElementosController#new as HTML
  Rendering elementos/new.html.erb within layouts/application
  Rendered elementos/_form.html.erb (0.0ms)
  Rendered elementos/new.html.erb within layouts/application (18.9ms)
Completed 200 OK in 195ms (Views: 165.3ms | ActiveRecord: 0.0ms)


Started POST "/elementos" for 127.0.0.1 at 2018-06-27 20:48:21 -0500
Processing by ElementosController#create as HTML
  Parameters: {"utf8"=>"✓", "authenticity_token"=>"kyBP8bNAz1jJubrKJNsvLAwIQ/23ntqt2npi8JmEDOiWq8k93675+SVeFUC6QpspH7+c1PNITvqMH21yMvk8lg==", "elemento"=>{"game"=>"FIFA", "score"=>"5"}, "commit"=>"Create Elemento"}
  [1m[35m (1.0ms)[0m  [1m[36mbegin transaction[0m
  [1m[35mSQL (1.0ms)[0m  [1m[32mINSERT INTO "elementos" ("game", "score", "created_at", "updated_at") VALUES (?, ?, ?, ?)[0m  [["game", "FIFA"], ["score", 5], ["created_at", "2018-06-28 01:48:21.041111"], ["updated_at", "2018-06-28 01:48:21.041111"]]
  [1m[35m (86.8ms)[0m  [1m[36mcommit transaction[0m
Redirected to http://localhost:3000/elementos/2
Completed 302 Found in 97ms (ActiveRecord: 88.8ms)


Started GET "/elementos/2" for 127.0.0.1 at 2018-06-27 20:48:21 -0500
Processing by ElementosController#show as HTML
  Parameters: {"id"=>"2"}
  [1m[36mElemento Load (0.0ms)[0m  [1m[34mSELECT  "elementos".* FROM "elementos" WHERE "elementos"."id" = ? LIMIT ?[0m  [["id", 2], ["LIMIT", 1]]
  Rendering elementos/show.html.erb within layouts/application
  Rendered elementos/show.html.erb within layouts/application (1.0ms)
Completed 200 OK in 192ms (Views: 155.2ms | ActiveRecord: 0.0ms)


Started GET "/elementos" for 127.0.0.1 at 2018-06-27 20:48:24 -0500
Processing by ElementosController#index as HTML
  Rendering elementos/index.html.erb within layouts/application
  [1m[36mElemento Load (0.0ms)[0m  [1m[34mSELECT "elementos".* FROM "elementos"[0m
  Rendered elementos/index.html.erb within layouts/application (4.0ms)
Completed 200 OK in 177ms (Views: 147.6ms | ActiveRecord: 0.0ms)


Started GET "/elementos/new" for 127.0.0.1 at 2018-06-27 20:48:26 -0500
Processing by ElementosController#new as HTML
  Rendering elementos/new.html.erb within layouts/application
  Rendered elementos/_form.html.erb (3.0ms)
  Rendered elementos/new.html.erb within layouts/application (36.0ms)
Completed 200 OK in 205ms (Views: 174.6ms | ActiveRecord: 0.0ms)


Started GET "/elementos" for 127.0.0.1 at 2018-06-27 20:48:39 -0500
Processing by ElementosController#index as HTML
  Rendering elementos/index.html.erb within layouts/application
  [1m[36mElemento Load (1.0ms)[0m  [1m[34mSELECT "elementos".* FROM "elementos"[0m
  Rendered elementos/index.html.erb within layouts/application (4.0ms)
Completed 200 OK in 177ms (Views: 145.6ms | ActiveRecord: 1.0ms)


Started GET "/elementos/form" for 127.0.0.1 at 2018-06-27 20:52:13 -0500
  [1m[36mActiveRecord::SchemaMigration Load (1.0ms)[0m  [1m[34mSELECT "schema_migrations".* FROM "schema_migrations"[0m
Processing by ElementosController#show as HTML
  Parameters: {"id"=>"form"}
  [1m[36mElemento Load (0.0ms)[0m  [1m[34mSELECT  "elementos".* FROM "elementos" WHERE "elementos"."id" = ? LIMIT ?[0m  [["id", 0], ["LIMIT", 1]]
Completed 404 Not Found in 28ms (ActiveRecord: 1.0ms)


  
ActiveRecord::RecordNotFound (Couldn't find Elemento with 'id'=form):
  
app/controllers/elementos_controller.rb:67:in `set_elemento'
  Rendering C:/RailsInstaller/Ruby2.2.0/lib/ruby/gems/2.2.0/gems/actionpack-5.0.7/lib/action_dispatch/middleware/templates/rescues/diagnostics.html.erb within rescues/layout
  Rendering C:/RailsInstaller/Ruby2.2.0/lib/ruby/gems/2.2.0/gems/actionpack-5.0.7/lib/action_dispatch/middleware/templates/rescues/_source.html.erb
  Rendered C:/RailsInstaller/Ruby2.2.0/lib/ruby/gems/2.2.0/gems/actionpack-5.0.7/lib/action_dispatch/middleware/templates/rescues/_source.html.erb (5.0ms)
  Rendering C:/RailsInstaller/Ruby2.2.0/lib/ruby/gems/2.2.0/gems/actionpack-5.0.7/lib/action_dispatch/middleware/templates/rescues/_trace.html.erb
  Rendered C:/RailsInstaller/Ruby2.2.0/lib/ruby/gems/2.2.0/gems/actionpack-5.0.7/lib/action_dispatch/middleware/templates/rescues/_trace.html.erb (3.0ms)
  Rendering C:/RailsInstaller/Ruby2.2.0/lib/ruby/gems/2.2.0/gems/actionpack-5.0.7/lib/action_dispatch/middleware/templates/rescues/_request_and_response.html.erb
  Rendered C:/RailsInstaller/Ruby2.2.0/lib/ruby/gems/2.2.0/gems/actionpack-5.0.7/lib/action_dispatch/middleware/templates/rescues/_request_and_response.html.erb (2.0ms)
  Rendered C:/RailsInstaller/Ruby2.2.0/lib/ruby/gems/2.2.0/gems/actionpack-5.0.7/lib/action_dispatch/middleware/templates/rescues/diagnostics.html.erb within rescues/layout (1175.7ms)
Started GET "/elementos/_form" for 127.0.0.1 at 2018-06-27 20:52:28 -0500
Processing by ElementosController#show as HTML
  Parameters: {"id"=>"_form"}
  [1m[36mElemento Load (0.0ms)[0m  [1m[34mSELECT  "elementos".* FROM "elementos" WHERE "elementos"."id" = ? LIMIT ?[0m  [["id", 0], ["LIMIT", 1]]
Completed 404 Not Found in 4ms (ActiveRecord: 0.0ms)


  
ActiveRecord::RecordNotFound (Couldn't find Elemento with 'id'=_form):
  
app/controllers/elementos_controller.rb:67:in `set_elemento'
  Rendering C:/RailsInstaller/Ruby2.2.0/lib/ruby/gems/2.2.0/gems/actionpack-5.0.7/lib/action_dispatch/middleware/templates/rescues/diagnostics.html.erb within rescues/layout
  Rendering C:/RailsInstaller/Ruby2.2.0/lib/ruby/gems/2.2.0/gems/actionpack-5.0.7/lib/action_dispatch/middleware/templates/rescues/_source.html.erb
  Rendered C:/RailsInstaller/Ruby2.2.0/lib/ruby/gems/2.2.0/gems/actionpack-5.0.7/lib/action_dispatch/middleware/templates/rescues/_source.html.erb (5.0ms)
  Rendering C:/RailsInstaller/Ruby2.2.0/lib/ruby/gems/2.2.0/gems/actionpack-5.0.7/lib/action_dispatch/middleware/templates/rescues/_trace.html.erb
  Rendered C:/RailsInstaller/Ruby2.2.0/lib/ruby/gems/2.2.0/gems/actionpack-5.0.7/lib/action_dispatch/middleware/templates/rescues/_trace.html.erb (4.0ms)
  Rendering C:/RailsInstaller/Ruby2.2.0/lib/ruby/gems/2.2.0/gems/actionpack-5.0.7/lib/action_dispatch/middleware/templates/rescues/_request_and_response.html.erb
  Rendered C:/RailsInstaller/Ruby2.2.0/lib/ruby/gems/2.2.0/gems/actionpack-5.0.7/lib/action_dispatch/middleware/templates/rescues/_request_and_response.html.erb (1.0ms)
  Rendered C:/RailsInstaller/Ruby2.2.0/lib/ruby/gems/2.2.0/gems/actionpack-5.0.7/lib/action_dispatch/middleware/templates/rescues/diagnostics.html.erb within rescues/layout (1212.0ms)
Started GET "/elementos/edit" for 127.0.0.1 at 2018-06-27 20:53:14 -0500
Processing by ElementosController#show as HTML
  Parameters: {"id"=>"edit"}
  [1m[36mElemento Load (1.0ms)[0m  [1m[34mSELECT  "elementos".* FROM "elementos" WHERE "elementos"."id" = ? LIMIT ?[0m  [["id", 0], ["LIMIT", 1]]
Completed 404 Not Found in 6ms (ActiveRecord: 1.0ms)


  
ActiveRecord::RecordNotFound (Couldn't find Elemento with 'id'=edit):
  
app/controllers/elementos_controller.rb:67:in `set_elemento'
  Rendering C:/RailsInstaller/Ruby2.2.0/lib/ruby/gems/2.2.0/gems/actionpack-5.0.7/lib/action_dispatch/middleware/templates/rescues/diagnostics.html.erb within rescues/layout
  Rendering C:/RailsInstaller/Ruby2.2.0/lib/ruby/gems/2.2.0/gems/actionpack-5.0.7/lib/action_dispatch/middleware/templates/rescues/_source.html.erb
  Rendered C:/RailsInstaller/Ruby2.2.0/lib/ruby/gems/2.2.0/gems/actionpack-5.0.7/lib/action_dispatch/middleware/templates/rescues/_source.html.erb (8.0ms)
  Rendering C:/RailsInstaller/Ruby2.2.0/lib/ruby/gems/2.2.0/gems/actionpack-5.0.7/lib/action_dispatch/middleware/templates/rescues/_trace.html.erb
  Rendered C:/RailsInstaller/Ruby2.2.0/lib/ruby/gems/2.2.0/gems/actionpack-5.0.7/lib/action_dispatch/middleware/templates/rescues/_trace.html.erb (4.0ms)
  Rendering C:/RailsInstaller/Ruby2.2.0/lib/ruby/gems/2.2.0/gems/actionpack-5.0.7/lib/action_dispatch/middleware/templates/rescues/_request_and_response.html.erb
  Rendered C:/RailsInstaller/Ruby2.2.0/lib/ruby/gems/2.2.0/gems/actionpack-5.0.7/lib/action_dispatch/middleware/templates/rescues/_request_and_response.html.erb (1.0ms)
  Rendered C:/RailsInstaller/Ruby2.2.0/lib/ruby/gems/2.2.0/gems/actionpack-5.0.7/lib/action_dispatch/middleware/templates/rescues/diagnostics.html.erb within rescues/layout (1190.0ms)
Started GET "/elementos/new" for 127.0.0.1 at 2018-06-27 20:53:28 -0500
Processing by ElementosController#new as HTML
  Rendering elementos/new.html.erb within layouts/application
  Rendered elementos/_form.html.erb (31.0ms)
  Rendered elementos/new.html.erb within layouts/application (63.0ms)
Completed 200 OK in 469ms (Views: 432.2ms | ActiveRecord: 0.0ms)


Started GET "/" for 127.0.0.1 at 2018-06-28 18:15:35 -0500
  [1m[36mActiveRecord::SchemaMigration Load (1.0ms)[0m  [1m[34mSELECT "schema_migrations".* FROM "schema_migrations"[0m
Processing by WelcomeController#index as HTML
  Rendering welcome/index.html.erb within layouts/application
  Rendered welcome/index.html.erb within layouts/application (8.0ms)
Completed 200 OK in 1047ms (Views: 969.6ms | ActiveRecord: 0.0ms)


