Started GET "/" for 127.0.0.1 at 2018-07-03 18:25:47 -0500
Processing by Rails::WelcomeController#index as HTML
  Parameters: {"internal"=>true}
  Rendering C:/RailsInstaller/Ruby2.2.0/lib/ruby/gems/2.2.0/gems/railties-5.0.7/lib/rails/templates/rails/welcome/index.html.erb
  Rendered C:/RailsInstaller/Ruby2.2.0/lib/ruby/gems/2.2.0/gems/railties-5.0.7/lib/rails/templates/rails/welcome/index.html.erb (11.0ms)
Completed 200 OK in 163ms (Views: 77.2ms | ActiveRecord: 0.0ms)


  [1m[35m (70.1ms)[0m  [1m[35mCREATE TABLE "schema_migrations" ("version" character varying PRIMARY KEY)[0m
  [1m[35m (76.2ms)[0m  [1m[35mCREATE TABLE "ar_internal_metadata" ("key" character varying PRIMARY KEY, "value" character varying, "created_at" timestamp NOT NULL, "updated_at" timestamp NOT NULL)[0m
  [1m[35m (0.0ms)[0m  [1m[34mSELECT pg_try_advisory_lock(8171128494112475640);[0m
  [1m[36mActiveRecord::SchemaMigration Load (4.0ms)[0m  [1m[34mSELECT "schema_migrations".* FROM "schema_migrations"[0m
Migrating to CreateLibros (20180703233027)
  [1m[35m (0.0ms)[0m  [1m[35mBEGIN[0m
  [1m[35m (64.0ms)[0m  [1m[35mCREATE TABLE "libros" ("id" serial primary key, "nombre" character varying, "descripcion" character varying, "created_at" timestamp NOT NULL, "updated_at" timestamp NOT NULL)[0m
  [1m[35mSQL (0.0ms)[0m  [1m[32mINSERT INTO "schema_migrations" ("version") VALUES ($1) RETURNING "version"[0m  [["version", "20180703233027"]]
  [1m[35m (0.0ms)[0m  [1m[35mCOMMIT[0m
  [1m[36mActiveRecord::InternalMetadata Load (0.0ms)[0m  [1m[34mSELECT  "ar_internal_metadata".* FROM "ar_internal_metadata" WHERE "ar_internal_metadata"."key" = $1 LIMIT $2[0m  [["key", "environment"], ["LIMIT", 1]]
  [1m[35m (0.0ms)[0m  [1m[35mBEGIN[0m
  [1m[35mSQL (0.0ms)[0m  [1m[32mINSERT INTO "ar_internal_metadata" ("key", "value", "created_at", "updated_at") VALUES ($1, $2, $3, $4) RETURNING "key"[0m  [["key", "environment"], ["value", "development"], ["created_at", "2018-07-03 23:33:20.663971"], ["updated_at", "2018-07-03 23:33:20.663971"]]
  [1m[35m (0.0ms)[0m  [1m[35mCOMMIT[0m
  [1m[35m (4.0ms)[0m  [1m[34mSELECT pg_advisory_unlock(8171128494112475640)[0m
  [1m[36mActiveRecord::SchemaMigration Load (0.0ms)[0m  [1m[34mSELECT "schema_migrations".* FROM "schema_migrations"[0m
  [1m[35m (0.0ms)[0m  [1m[34mSELECT pg_try_advisory_lock(8171128494112475640);[0m
  [1m[36mActiveRecord::SchemaMigration Load (0.0ms)[0m  [1m[34mSELECT "schema_migrations".* FROM "schema_migrations"[0m
Migrating to CreateAutors (20180703234211)
  [1m[35m (0.0ms)[0m  [1m[35mBEGIN[0m
  [1m[35m (80.0ms)[0m  [1m[35mCREATE TABLE "autors" ("id" serial primary key, "nombre" character varying, "apellidos" character varying, "created_at" timestamp NOT NULL, "updated_at" timestamp NOT NULL)[0m
  [1m[35mSQL (0.0ms)[0m  [1m[32mINSERT INTO "schema_migrations" ("version") VALUES ($1) RETURNING "version"[0m  [["version", "20180703234211"]]
  [1m[35m (4.0ms)[0m  [1m[35mCOMMIT[0m
  [1m[36mActiveRecord::InternalMetadata Load (0.0ms)[0m  [1m[34mSELECT  "ar_internal_metadata".* FROM "ar_internal_metadata" WHERE "ar_internal_metadata"."key" = $1 LIMIT $2[0m  [["key", "environment"], ["LIMIT", 1]]
  [1m[35m (4.0ms)[0m  [1m[35mBEGIN[0m
  [1m[35m (0.0ms)[0m  [1m[35mCOMMIT[0m
  [1m[35m (0.0ms)[0m  [1m[34mSELECT pg_advisory_unlock(8171128494112475640)[0m
  [1m[36mActiveRecord::SchemaMigration Load (0.0ms)[0m  [1m[34mSELECT "schema_migrations".* FROM "schema_migrations"[0m
Started GET "/libros/listar" for 127.0.0.1 at 2018-07-03 18:52:01 -0500
  [1m[36mActiveRecord::SchemaMigration Load (1.0ms)[0m  [1m[34mSELECT "schema_migrations".* FROM "schema_migrations"[0m
Processing by LibrosController#listar as HTML
  Rendering libros/listar.html.erb within layouts/application
  Rendered libros/listar.html.erb within layouts/application (4.0ms)
Completed 200 OK in 4439ms (Views: 4393.1ms | ActiveRecord: 0.0ms)


Started GET "/libros/listar" for 127.0.0.1 at 2018-07-03 18:52:17 -0500
Processing by LibrosController#listar as HTML
  Rendering libros/listar.html.erb within layouts/application
  Rendered libros/listar.html.erb within layouts/application (0.0ms)
Completed 200 OK in 211ms (Views: 181.5ms | ActiveRecord: 0.0ms)


Started GET "/" for 127.0.0.1 at 2018-07-03 18:52:26 -0500
Processing by Rails::WelcomeController#index as HTML
  Parameters: {"internal"=>true}
  Rendering C:/RailsInstaller/Ruby2.2.0/lib/ruby/gems/2.2.0/gems/railties-5.0.7/lib/rails/templates/rails/welcome/index.html.erb
  Rendered C:/RailsInstaller/Ruby2.2.0/lib/ruby/gems/2.2.0/gems/railties-5.0.7/lib/rails/templates/rails/welcome/index.html.erb (4.0ms)
Completed 200 OK in 69ms (Views: 34.5ms | ActiveRecord: 0.0ms)


  [1m[35m (0.0ms)[0m  [1m[34mSELECT pg_try_advisory_lock(8171128494112475640);[0m
  [1m[36mActiveRecord::SchemaMigration Load (0.0ms)[0m  [1m[34mSELECT "schema_migrations".* FROM "schema_migrations"[0m
Migrating to AgregarAutorALibro (20180704001132)
  [1m[35m (0.0ms)[0m  [1m[35mBEGIN[0m
  [1m[35m (4.0ms)[0m  [1m[35mALTER TABLE "libros" ADD "autor_id" integer[0m
  [1m[35m (36.0ms)[0m  [1m[35mCREATE  INDEX  "index_libros_on_autor_id" ON "libros"  ("autor_id")[0m
  [1m[35mSQL (0.0ms)[0m  [1m[32mINSERT INTO "schema_migrations" ("version") VALUES ($1) RETURNING "version"[0m  [["version", "20180704001132"]]
  [1m[35m (0.0ms)[0m  [1m[35mCOMMIT[0m
  [1m[36mActiveRecord::InternalMetadata Load (0.0ms)[0m  [1m[34mSELECT  "ar_internal_metadata".* FROM "ar_internal_metadata" WHERE "ar_internal_metadata"."key" = $1 LIMIT $2[0m  [["key", "environment"], ["LIMIT", 1]]
  [1m[35m (0.0ms)[0m  [1m[35mBEGIN[0m
  [1m[35m (0.0ms)[0m  [1m[35mCOMMIT[0m
  [1m[35m (0.0ms)[0m  [1m[34mSELECT pg_advisory_unlock(8171128494112475640)[0m
  [1m[36mActiveRecord::SchemaMigration Load (4.0ms)[0m  [1m[34mSELECT "schema_migrations".* FROM "schema_migrations"[0m
Started GET "/" for 127.0.0.1 at 2018-07-03 19:30:25 -0500
  [1m[36mActiveRecord::SchemaMigration Load (0.0ms)[0m  [1m[34mSELECT "schema_migrations".* FROM "schema_migrations"[0m
Processing by Rails::WelcomeController#index as HTML
  Parameters: {"internal"=>true}
  Rendering C:/RailsInstaller/Ruby2.2.0/lib/ruby/gems/2.2.0/gems/railties-5.0.7/lib/rails/templates/rails/welcome/index.html.erb
  Rendered C:/RailsInstaller/Ruby2.2.0/lib/ruby/gems/2.2.0/gems/railties-5.0.7/lib/rails/templates/rails/welcome/index.html.erb (6.0ms)
Completed 200 OK in 88ms (Views: 44.6ms | ActiveRecord: 0.0ms)


Started GET "/" for 127.0.0.1 at 2018-07-03 19:30:42 -0500
Processing by Rails::WelcomeController#index as HTML
  Parameters: {"internal"=>true}
  Rendering C:/RailsInstaller/Ruby2.2.0/lib/ruby/gems/2.2.0/gems/railties-5.0.7/lib/rails/templates/rails/welcome/index.html.erb
  Rendered C:/RailsInstaller/Ruby2.2.0/lib/ruby/gems/2.2.0/gems/railties-5.0.7/lib/rails/templates/rails/welcome/index.html.erb (3.0ms)
Completed 200 OK in 67ms (Views: 34.9ms | ActiveRecord: 0.0ms)


Started GET "/" for 127.0.0.1 at 2018-07-03 19:30:43 -0500
Processing by Rails::WelcomeController#index as HTML
  Parameters: {"internal"=>true}
  Rendering C:/RailsInstaller/Ruby2.2.0/lib/ruby/gems/2.2.0/gems/railties-5.0.7/lib/rails/templates/rails/welcome/index.html.erb
  Rendered C:/RailsInstaller/Ruby2.2.0/lib/ruby/gems/2.2.0/gems/railties-5.0.7/lib/rails/templates/rails/welcome/index.html.erb (3.0ms)
Completed 200 OK in 65ms (Views: 34.0ms | ActiveRecord: 0.0ms)


  [1m[35m (0.0ms)[0m  [1m[35mBEGIN[0m
  [1m[35mSQL (0.0ms)[0m  [1m[32mINSERT INTO "autors" ("nombre", "apellidos", "created_at", "updated_at") VALUES ($1, $2, $3, $4) RETURNING "id"[0m  [["nombre", "Pedro"], ["apellidos", "Perez"], ["created_at", "2018-07-04 00:39:52.961577"], ["updated_at", "2018-07-04 00:39:52.961577"]]
  [1m[35m (4.0ms)[0m  [1m[35mCOMMIT[0m
  [1m[35m (0.0ms)[0m  [1m[35mBEGIN[0m
  [1m[35m (0.0ms)[0m  [1m[31mROLLBACK[0m
  [1m[35m (0.0ms)[0m  [1m[35mBEGIN[0m
  [1m[35m (0.0ms)[0m  [1m[31mROLLBACK[0m
  [1m[35m (0.0ms)[0m  [1m[35mBEGIN[0m
  [1m[35m (0.0ms)[0m  [1m[31mROLLBACK[0m
  [1m[35m (0.0ms)[0m  [1m[35mBEGIN[0m
  [1m[35m (0.0ms)[0m  [1m[31mROLLBACK[0m
  [1m[35m (0.0ms)[0m  [1m[35mBEGIN[0m
  [1m[35m (0.0ms)[0m  [1m[31mROLLBACK[0m
  [1m[35m (0.0ms)[0m  [1m[35mBEGIN[0m
  [1m[35m (0.0ms)[0m  [1m[31mROLLBACK[0m
  [1m[35m (0.0ms)[0m  [1m[35mBEGIN[0m
  [1m[36mAutor Load (0.0ms)[0m  [1m[34mSELECT  "autors".* FROM "autors" WHERE "autors"."id" = $1 LIMIT $2[0m  [["id", 1], ["LIMIT", 1]]
  [1m[35mSQL (4.0ms)[0m  [1m[32mINSERT INTO "libros" ("nombre", "descripcion", "created_at", "updated_at", "autor_id") VALUES ($1, $2, $3, $4, $5) RETURNING "id"[0m  [["nombre", "100 a\xA4os de Soledad"], ["descripcion", "Novela Colombiana"], ["created_at", "2018-07-04 01:30:54.492170"], ["updated_at", "2018-07-04 01:30:54.492170"], ["autor_id", 1]]
  [1m[35m (0.0ms)[0m  [1m[35mCOMMIT[0m
  [1m[35m (0.0ms)[0m  [1m[35mBEGIN[0m
  [1m[35mSQL (0.0ms)[0m  [1m[32mINSERT INTO "autors" ("nombre", "apellidos", "created_at", "updated_at") VALUES ($1, $2, $3, $4) RETURNING "id"[0m  [["nombre", "Jeovany"], ["apellidos", "RojaS Medina"], ["created_at", "2018-07-04 01:34:32.789655"], ["updated_at", "2018-07-04 01:34:32.789655"]]
  [1m[35m (8.0ms)[0m  [1m[35mCOMMIT[0m
  [1m[35m (0.0ms)[0m  [1m[35mBEGIN[0m
  [1m[35m (0.0ms)[0m  [1m[31mROLLBACK[0m
  [1m[35m (0.0ms)[0m  [1m[35mBEGIN[0m
  [1m[35mSQL (0.0ms)[0m  [1m[32mINSERT INTO "libros" ("nombre", "descripcion", "created_at", "updated_at", "autor_id") VALUES ($1, $2, $3, $4, $5) RETURNING "id"[0m  [["nombre", "Ingenieria de Software"], ["descripcion", "Libro de Sistemas"], ["created_at", "2018-07-04 01:36:09.479203"], ["updated_at", "2018-07-04 01:36:09.479203"], ["autor_id", 2]]
  [1m[35m (0.0ms)[0m  [1m[35mCOMMIT[0m
Started GET "/" for 127.0.0.1 at 2018-07-03 20:39:10 -0500
  [1m[36mActiveRecord::SchemaMigration Load (1.0ms)[0m  [1m[34mSELECT "schema_migrations".* FROM "schema_migrations"[0m
Processing by Rails::WelcomeController#index as HTML
  Parameters: {"internal"=>true}
  Rendering C:/RailsInstaller/Ruby2.2.0/lib/ruby/gems/2.2.0/gems/railties-5.0.7/lib/rails/templates/rails/welcome/index.html.erb
  Rendered C:/RailsInstaller/Ruby2.2.0/lib/ruby/gems/2.2.0/gems/railties-5.0.7/lib/rails/templates/rails/welcome/index.html.erb (6.0ms)
Completed 200 OK in 90ms (Views: 45.1ms | ActiveRecord: 0.0ms)


Started GET "/libros/listar" for 127.0.0.1 at 2018-07-03 20:39:27 -0500
  
ActionController::RoutingError (No route matches [GET] "/libros/listar"):
  
actionpack (5.0.7) lib/action_dispatch/middleware/debug_exceptions.rb:53:in `call'
web-console (3.6.2) lib/web_console/middleware.rb:135:in `call_app'
web-console (3.6.2) lib/web_console/middleware.rb:30:in `block in call'
web-console (3.6.2) lib/web_console/middleware.rb:20:in `catch'
web-console (3.6.2) lib/web_console/middleware.rb:20:in `call'
actionpack (5.0.7) lib/action_dispatch/middleware/show_exceptions.rb:31:in `call'
railties (5.0.7) lib/rails/rack/logger.rb:36:in `call_app'
railties (5.0.7) lib/rails/rack/logger.rb:24:in `block in call'
activesupport (5.0.7) lib/active_support/tagged_logging.rb:69:in `block in tagged'
activesupport (5.0.7) lib/active_support/tagged_logging.rb:26:in `tagged'
activesupport (5.0.7) lib/active_support/tagged_logging.rb:69:in `tagged'
railties (5.0.7) lib/rails/rack/logger.rb:24:in `call'
sprockets-rails (3.2.1) lib/sprockets/rails/quiet_assets.rb:13:in `call'
actionpack (5.0.7) lib/action_dispatch/middleware/request_id.rb:24:in `call'
rack (2.0.5) lib/rack/method_override.rb:22:in `call'
rack (2.0.5) lib/rack/runtime.rb:22:in `call'
activesupport (5.0.7) lib/active_support/cache/strategy/local_cache_middleware.rb:28:in `call'
actionpack (5.0.7) lib/action_dispatch/middleware/executor.rb:12:in `call'
actionpack (5.0.7) lib/action_dispatch/middleware/static.rb:136:in `call'
rack (2.0.5) lib/rack/sendfile.rb:111:in `call'
railties (5.0.7) lib/rails/engine.rb:522:in `call'
puma (3.11.4) lib/puma/configuration.rb:225:in `call'
puma (3.11.4) lib/puma/server.rb:632:in `handle_request'
puma (3.11.4) lib/puma/server.rb:446:in `process_client'
puma (3.11.4) lib/puma/server.rb:306:in `block in run'
puma (3.11.4) lib/puma/thread_pool.rb:120:in `call'
puma (3.11.4) lib/puma/thread_pool.rb:120:in `block in spawn_thread'
  Rendering C:/RailsInstaller/Ruby2.2.0/lib/ruby/gems/2.2.0/gems/actionpack-5.0.7/lib/action_dispatch/middleware/templates/rescues/routing_error.html.erb within rescues/layout
  Rendering C:/RailsInstaller/Ruby2.2.0/lib/ruby/gems/2.2.0/gems/actionpack-5.0.7/lib/action_dispatch/middleware/templates/rescues/_trace.html.erb
  Rendered C:/RailsInstaller/Ruby2.2.0/lib/ruby/gems/2.2.0/gems/actionpack-5.0.7/lib/action_dispatch/middleware/templates/rescues/_trace.html.erb (11.0ms)
  Rendered collection of C:/RailsInstaller/Ruby2.2.0/lib/ruby/gems/2.2.0/gems/actionpack-5.0.7/lib/action_dispatch/middleware/templates/routes/_route.html.erb [1 times] (2.0ms)
  Rendered C:/RailsInstaller/Ruby2.2.0/lib/ruby/gems/2.2.0/gems/actionpack-5.0.7/lib/action_dispatch/middleware/templates/routes/_table.html.erb (45.0ms)
  Rendering C:/RailsInstaller/Ruby2.2.0/lib/ruby/gems/2.2.0/gems/actionpack-5.0.7/lib/action_dispatch/middleware/templates/rescues/_request_and_response.html.erb
  Rendered C:/RailsInstaller/Ruby2.2.0/lib/ruby/gems/2.2.0/gems/actionpack-5.0.7/lib/action_dispatch/middleware/templates/rescues/_request_and_response.html.erb (1.0ms)
  Rendered C:/RailsInstaller/Ruby2.2.0/lib/ruby/gems/2.2.0/gems/actionpack-5.0.7/lib/action_dispatch/middleware/templates/rescues/routing_error.html.erb within rescues/layout (1713.0ms)
Started GET "/libros" for 127.0.0.1 at 2018-07-03 20:39:39 -0500
Processing by LibrosController#listar as HTML
Completed 500 Internal Server Error in 2ms (ActiveRecord: 0.0ms)


  
NameError (uninitialized constant LibrosController::Post):
  
app/controllers/libros_controller.rb:6:in `listar'
  Rendering C:/RailsInstaller/Ruby2.2.0/lib/ruby/gems/2.2.0/gems/actionpack-5.0.7/lib/action_dispatch/middleware/templates/rescues/diagnostics.html.erb within rescues/layout
  Rendering C:/RailsInstaller/Ruby2.2.0/lib/ruby/gems/2.2.0/gems/actionpack-5.0.7/lib/action_dispatch/middleware/templates/rescues/_source.html.erb
  Rendered C:/RailsInstaller/Ruby2.2.0/lib/ruby/gems/2.2.0/gems/actionpack-5.0.7/lib/action_dispatch/middleware/templates/rescues/_source.html.erb (5.0ms)
  Rendering C:/RailsInstaller/Ruby2.2.0/lib/ruby/gems/2.2.0/gems/actionpack-5.0.7/lib/action_dispatch/middleware/templates/rescues/_trace.html.erb
  Rendered C:/RailsInstaller/Ruby2.2.0/lib/ruby/gems/2.2.0/gems/actionpack-5.0.7/lib/action_dispatch/middleware/templates/rescues/_trace.html.erb (3.0ms)
  Rendering C:/RailsInstaller/Ruby2.2.0/lib/ruby/gems/2.2.0/gems/actionpack-5.0.7/lib/action_dispatch/middleware/templates/rescues/_request_and_response.html.erb
  Rendered C:/RailsInstaller/Ruby2.2.0/lib/ruby/gems/2.2.0/gems/actionpack-5.0.7/lib/action_dispatch/middleware/templates/rescues/_request_and_response.html.erb (1.0ms)
  Rendered C:/RailsInstaller/Ruby2.2.0/lib/ruby/gems/2.2.0/gems/actionpack-5.0.7/lib/action_dispatch/middleware/templates/rescues/diagnostics.html.erb within rescues/layout (1183.0ms)
Started GET "/libros" for 127.0.0.1 at 2018-07-03 20:40:09 -0500
Processing by LibrosController#listar as HTML
  Rendering libros/listar.html.erb within layouts/application
  Rendered libros/listar.html.erb within layouts/application (30.0ms)
Completed 500 Internal Server Error in 156ms (ActiveRecord: 0.0ms)


  
ActionView::Template::Error (undefined method `each' for nil:NilClass):
     6:     <th>Text</th>
     7:   </tr>
     8: 
     9:   <% @posts.each do |post| %>
    10:     <tr>
    11:       <td><%= post.title %></td>
    12:       <td><%= post.text %></td>
  
app/views/libros/listar.html.erb:9:in `_app_views_libros_listar_html_erb__1001057814_39584148'
  Rendering C:/RailsInstaller/Ruby2.2.0/lib/ruby/gems/2.2.0/gems/actionpack-5.0.7/lib/action_dispatch/middleware/templates/rescues/template_error.html.erb within rescues/layout
  Rendering C:/RailsInstaller/Ruby2.2.0/lib/ruby/gems/2.2.0/gems/actionpack-5.0.7/lib/action_dispatch/middleware/templates/rescues/_source.html.erb
  Rendered C:/RailsInstaller/Ruby2.2.0/lib/ruby/gems/2.2.0/gems/actionpack-5.0.7/lib/action_dispatch/middleware/templates/rescues/_source.html.erb (5.0ms)
  Rendering C:/RailsInstaller/Ruby2.2.0/lib/ruby/gems/2.2.0/gems/actionpack-5.0.7/lib/action_dispatch/middleware/templates/rescues/_trace.html.erb
  Rendered C:/RailsInstaller/Ruby2.2.0/lib/ruby/gems/2.2.0/gems/actionpack-5.0.7/lib/action_dispatch/middleware/templates/rescues/_trace.html.erb (4.0ms)
  Rendering C:/RailsInstaller/Ruby2.2.0/lib/ruby/gems/2.2.0/gems/actionpack-5.0.7/lib/action_dispatch/middleware/templates/rescues/_request_and_response.html.erb
  Rendered C:/RailsInstaller/Ruby2.2.0/lib/ruby/gems/2.2.0/gems/actionpack-5.0.7/lib/action_dispatch/middleware/templates/rescues/_request_and_response.html.erb (1.0ms)
  Rendered C:/RailsInstaller/Ruby2.2.0/lib/ruby/gems/2.2.0/gems/actionpack-5.0.7/lib/action_dispatch/middleware/templates/rescues/template_error.html.erb within rescues/layout (1140.0ms)
Started GET "/libros" for 127.0.0.1 at 2018-07-03 20:41:13 -0500
Processing by LibrosController#listar as HTML
  Rendering libros/listar.html.erb within layouts/application
  [1m[36mLibro Load (1.0ms)[0m  [1m[34mSELECT "libros".* FROM "libros"[0m
  Rendered libros/listar.html.erb within layouts/application (151.0ms)
Completed 500 Internal Server Error in 271ms (ActiveRecord: 7.0ms)


  
ActionView::Template::Error (undefined local variable or method `libros' for #<#<Class:0x4b7b660>:0x5c3e4d0>):
     8: 
     9:   <% @libros.each do |post| %>
    10:     <tr>
    11:       <td><%= libros.title %></td>
    12:       <td><%= libros.text %></td>
    13:     </tr>
    14:   <% end %>
  
app/views/libros/listar.html.erb:11:in `block in _app_views_libros_listar_html_erb__1001057814_48363456'
app/views/libros/listar.html.erb:9:in `_app_views_libros_listar_html_erb__1001057814_48363456'
  Rendering C:/RailsInstaller/Ruby2.2.0/lib/ruby/gems/2.2.0/gems/actionpack-5.0.7/lib/action_dispatch/middleware/templates/rescues/template_error.html.erb within rescues/layout
  Rendering C:/RailsInstaller/Ruby2.2.0/lib/ruby/gems/2.2.0/gems/actionpack-5.0.7/lib/action_dispatch/middleware/templates/rescues/_source.html.erb
  Rendered C:/RailsInstaller/Ruby2.2.0/lib/ruby/gems/2.2.0/gems/actionpack-5.0.7/lib/action_dispatch/middleware/templates/rescues/_source.html.erb (8.0ms)
  Rendering C:/RailsInstaller/Ruby2.2.0/lib/ruby/gems/2.2.0/gems/actionpack-5.0.7/lib/action_dispatch/middleware/templates/rescues/_trace.html.erb
  Rendered C:/RailsInstaller/Ruby2.2.0/lib/ruby/gems/2.2.0/gems/actionpack-5.0.7/lib/action_dispatch/middleware/templates/rescues/_trace.html.erb (4.0ms)
  Rendering C:/RailsInstaller/Ruby2.2.0/lib/ruby/gems/2.2.0/gems/actionpack-5.0.7/lib/action_dispatch/middleware/templates/rescues/_request_and_response.html.erb
  Rendered C:/RailsInstaller/Ruby2.2.0/lib/ruby/gems/2.2.0/gems/actionpack-5.0.7/lib/action_dispatch/middleware/templates/rescues/_request_and_response.html.erb (2.0ms)
  Rendered C:/RailsInstaller/Ruby2.2.0/lib/ruby/gems/2.2.0/gems/actionpack-5.0.7/lib/action_dispatch/middleware/templates/rescues/template_error.html.erb within rescues/layout (1172.0ms)
Started GET "/libros" for 127.0.0.1 at 2018-07-03 20:43:00 -0500
Processing by LibrosController#listar as HTML
  Rendering libros/listar.html.erb within layouts/application
  [1m[36mLibro Load (1.0ms)[0m  [1m[34mSELECT "libros".* FROM "libros"[0m
  Rendered libros/listar.html.erb within layouts/application (170.0ms)
Completed 500 Internal Server Error in 290ms (ActiveRecord: 1.0ms)


  
ActionView::Template::Error (undefined local variable or method `libros' for #<#<Class:0x4b7b660>:0x8381bb0>):
     8: 
     9:   <% @libros.each do |post| %>
    10:     <tr>
    11:       <td><%= libros.nombre %></td>
    12:       <td><%= libros.descripcion %></td>
    13:     </tr>
    14:   <% end %>
  
app/views/libros/listar.html.erb:11:in `block in _app_views_libros_listar_html_erb__1001057814_68948268'
app/views/libros/listar.html.erb:9:in `_app_views_libros_listar_html_erb__1001057814_68948268'
  Rendering C:/RailsInstaller/Ruby2.2.0/lib/ruby/gems/2.2.0/gems/actionpack-5.0.7/lib/action_dispatch/middleware/templates/rescues/template_error.html.erb within rescues/layout
  Rendering C:/RailsInstaller/Ruby2.2.0/lib/ruby/gems/2.2.0/gems/actionpack-5.0.7/lib/action_dispatch/middleware/templates/rescues/_source.html.erb
  Rendered C:/RailsInstaller/Ruby2.2.0/lib/ruby/gems/2.2.0/gems/actionpack-5.0.7/lib/action_dispatch/middleware/templates/rescues/_source.html.erb (7.0ms)
  Rendering C:/RailsInstaller/Ruby2.2.0/lib/ruby/gems/2.2.0/gems/actionpack-5.0.7/lib/action_dispatch/middleware/templates/rescues/_trace.html.erb
  Rendered C:/RailsInstaller/Ruby2.2.0/lib/ruby/gems/2.2.0/gems/actionpack-5.0.7/lib/action_dispatch/middleware/templates/rescues/_trace.html.erb (3.0ms)
  Rendering C:/RailsInstaller/Ruby2.2.0/lib/ruby/gems/2.2.0/gems/actionpack-5.0.7/lib/action_dispatch/middleware/templates/rescues/_request_and_response.html.erb
  Rendered C:/RailsInstaller/Ruby2.2.0/lib/ruby/gems/2.2.0/gems/actionpack-5.0.7/lib/action_dispatch/middleware/templates/rescues/_request_and_response.html.erb (1.0ms)
  Rendered C:/RailsInstaller/Ruby2.2.0/lib/ruby/gems/2.2.0/gems/actionpack-5.0.7/lib/action_dispatch/middleware/templates/rescues/template_error.html.erb within rescues/layout (1178.0ms)
Started GET "/libros" for 127.0.0.1 at 2018-07-03 20:44:56 -0500
Processing by LibrosController#listar as HTML
  Rendering libros/listar.html.erb within layouts/application
  [1m[36mLibro Load (0.0ms)[0m  [1m[34mSELECT "libros".* FROM "libros"[0m
  Rendered libros/listar.html.erb within layouts/application (157.0ms)
Completed 500 Internal Server Error in 291ms (ActiveRecord: 4.0ms)


  
ActionView::Template::Error (undefined local variable or method `libros' for #<#<Class:0x7fb5940>:0x7fb4f20>):
     8: 
     9:   <% @libros.each do |post| %>
    10:     <tr>
    11:       <td><%= libros.nombre %></td>
    12:       <td><%= libros.descripcion %></td>
    13:     </tr>
    14:   <% end %>
  
app/views/libros/listar.html.erb:11:in `block in _app_views_libros_listar_html_erb__1001057814_66957252'
app/views/libros/listar.html.erb:9:in `_app_views_libros_listar_html_erb__1001057814_66957252'
  Rendering C:/RailsInstaller/Ruby2.2.0/lib/ruby/gems/2.2.0/gems/actionpack-5.0.7/lib/action_dispatch/middleware/templates/rescues/template_error.html.erb within rescues/layout
  Rendering C:/RailsInstaller/Ruby2.2.0/lib/ruby/gems/2.2.0/gems/actionpack-5.0.7/lib/action_dispatch/middleware/templates/rescues/_source.html.erb
  Rendered C:/RailsInstaller/Ruby2.2.0/lib/ruby/gems/2.2.0/gems/actionpack-5.0.7/lib/action_dispatch/middleware/templates/rescues/_source.html.erb (7.0ms)
  Rendering C:/RailsInstaller/Ruby2.2.0/lib/ruby/gems/2.2.0/gems/actionpack-5.0.7/lib/action_dispatch/middleware/templates/rescues/_trace.html.erb
  Rendered C:/RailsInstaller/Ruby2.2.0/lib/ruby/gems/2.2.0/gems/actionpack-5.0.7/lib/action_dispatch/middleware/templates/rescues/_trace.html.erb (4.0ms)
  Rendering C:/RailsInstaller/Ruby2.2.0/lib/ruby/gems/2.2.0/gems/actionpack-5.0.7/lib/action_dispatch/middleware/templates/rescues/_request_and_response.html.erb
  Rendered C:/RailsInstaller/Ruby2.2.0/lib/ruby/gems/2.2.0/gems/actionpack-5.0.7/lib/action_dispatch/middleware/templates/rescues/_request_and_response.html.erb (2.0ms)
  Rendered C:/RailsInstaller/Ruby2.2.0/lib/ruby/gems/2.2.0/gems/actionpack-5.0.7/lib/action_dispatch/middleware/templates/rescues/template_error.html.erb within rescues/layout (1145.0ms)
Started GET "/libros" for 127.0.0.1 at 2018-07-03 20:46:08 -0500
Processing by LibrosController#listar as HTML
  Rendering libros/listar.html.erb within layouts/application
  [1m[36mLibro Load (1.0ms)[0m  [1m[34mSELECT "libros".* FROM "libros"[0m
  Rendered libros/listar.html.erb within layouts/application (177.0ms)
Completed 500 Internal Server Error in 322ms (ActiveRecord: 1.0ms)


  
ActionView::Template::Error (undefined local variable or method `libros' for #<#<Class:0x7fb5940>:0x45a9170>):
     8: 
     9:   <% @libros.each do |post| %>
    10:     <tr>
    11:       <td><%= libros.nombre %></td>
    12:       <td><%= libros.descripcion %></td>
    13:     </tr>
    14:   <% end %>
  
app/views/libros/listar.html.erb:11:in `block in _app_views_libros_listar_html_erb__1001057814_36523836'
app/views/libros/listar.html.erb:9:in `_app_views_libros_listar_html_erb__1001057814_36523836'
  Rendering C:/RailsInstaller/Ruby2.2.0/lib/ruby/gems/2.2.0/gems/actionpack-5.0.7/lib/action_dispatch/middleware/templates/rescues/template_error.html.erb within rescues/layout
  Rendering C:/RailsInstaller/Ruby2.2.0/lib/ruby/gems/2.2.0/gems/actionpack-5.0.7/lib/action_dispatch/middleware/templates/rescues/_source.html.erb
  Rendered C:/RailsInstaller/Ruby2.2.0/lib/ruby/gems/2.2.0/gems/actionpack-5.0.7/lib/action_dispatch/middleware/templates/rescues/_source.html.erb (5.0ms)
  Rendering C:/RailsInstaller/Ruby2.2.0/lib/ruby/gems/2.2.0/gems/actionpack-5.0.7/lib/action_dispatch/middleware/templates/rescues/_trace.html.erb
  Rendered C:/RailsInstaller/Ruby2.2.0/lib/ruby/gems/2.2.0/gems/actionpack-5.0.7/lib/action_dispatch/middleware/templates/rescues/_trace.html.erb (3.0ms)
  Rendering C:/RailsInstaller/Ruby2.2.0/lib/ruby/gems/2.2.0/gems/actionpack-5.0.7/lib/action_dispatch/middleware/templates/rescues/_request_and_response.html.erb
  Rendered C:/RailsInstaller/Ruby2.2.0/lib/ruby/gems/2.2.0/gems/actionpack-5.0.7/lib/action_dispatch/middleware/templates/rescues/_request_and_response.html.erb (2.0ms)
  Rendered C:/RailsInstaller/Ruby2.2.0/lib/ruby/gems/2.2.0/gems/actionpack-5.0.7/lib/action_dispatch/middleware/templates/rescues/template_error.html.erb within rescues/layout (1173.0ms)
